<?xml version="1.0" encoding="UTF-8"?>
<testng-results ignored="0" total="1" passed="1" failed="0" skipped="0">
  <reporter-output>
  </reporter-output>
  <suite started-at="2021-07-17T14:34:58 EDT" name="Suite" finished-at="2021-07-17T14:35:23 EDT" duration-ms="24496">
    <groups>
    </groups>
    <test started-at="2021-07-17T14:34:58 EDT" name="Test" finished-at="2021-07-17T14:35:23 EDT" duration-ms="24496">
      <class name="com.Testing.TestExecution">
        <test-method is-config="true" signature="setup()[pri:0, instance:com.Testing.TestExecution@1eb5174b]" started-at="2021-07-17T14:34:58 EDT" name="setup" finished-at="2021-07-17T14:35:10 EDT" duration-ms="12043" status="PASS">
          <reporter-output>
          </reporter-output>
        </test-method> <!-- setup -->
        <test-method signature="Login()[pri:0, instance:com.Testing.TestExecution@1eb5174b]" started-at="2021-07-17T14:35:10 EDT" name="Login" finished-at="2021-07-17T14:35:19 EDT" duration-ms="8814" status="PASS">
          <reporter-output>
          </reporter-output>
        </test-method> <!-- Login -->
        <test-method is-config="true" signature="TearDown()[pri:0, instance:com.Testing.TestExecution@1eb5174b]" started-at="2021-07-17T14:35:19 EDT" name="TearDown" finished-at="2021-07-17T14:35:23 EDT" duration-ms="3577" status="PASS">
          <reporter-output>
          </reporter-output>
        </test-method> <!-- TearDown -->
      </class> <!-- com.Testing.TestExecution -->
    </test> <!-- Test -->
  </suite> <!-- Suite -->
</testng-results>
